1)  кудрявая 0,2 
    Петрушка 0,3 
    Укроп 0,3 

2)  Дубок 0,5 
    Кинза 0,1 
    Лук зел. 0,1 
    Мята 0,1 
    Петрушка 0,4 
    Руккола 0,2 
    Айсберг 2шт 
    Бионда 1,5 
    Росса 0,3 
    Мэри 0,2 
    Стебель сел. 1уп 
    Укроп 0,4 
    Фризе 0,5 

3)  Лук зел. 0,5 
    Петрушка 0,5 
    Укроп 0,5 

1)  Бионда 1 
    Росса 1 
    Укроп 0,7 

2)  Кинза 2п 
    Лук зел. 4п 
    Укроп 3п 

3)  Кинза 7п 
    Лук зел. 15п 
    Мята 4п 
    Петрушка 7п 
    Руккола 3п 
    Айсберг 3шт 
    Укроп 25п
