
Базилик зеленый⁕ 1п
Баклажан 1
Гриб Шампиньон 3
Капуста 10шт
Капуста краснокачанная 7шт
Капуста пекинская 7шт
Картофель 2м
Кинза⁕ 2п
Лимон 2
Лук порей⁕ 1шт
Лук репчатый 15
Морковь 15
Огурец 9
Перец желтый 2,5
Перец красный 2,5
Петрушка⁕ 7п
Помидор 10
Салат Лолло Бионда⁕ 1
Салат Лолло Росса⁕ 1
Свекла 15
Укроп⁕ 7п


Авокадо 3шт
Баклажан 4
Виноград 1
Гриб Шампиньон 1
Груша 3шт
Кабачок 3
Картофель мини 5
Лимон 3
Лук зеленый⁕ 0,3
Мандарин 3
Морковь 5
Огурец 5
Огурец солёный 1в
Перец желтый 2
Перец красный 2
Петрушка кудрявая⁕ 0,4
Петрушка⁕ 0,3
Помидор 7
Редис вес⁕ 2
Салат Айсберг⁕ 2
Салат Лолло Бионда⁕ 1
Салат Лолло Росса⁕ 1
Свекла 5
Укроп⁕ 0,3
Чеснок 0,5
Яйцо перепелиное 100



Апельсин 3
Банан 1ящ
Мандарин 5
Яблоко 6



Банан 7
Капуста 4
Капуста квашеная 1в
Картофель 1м
Киви 7
Лук зеленый⁕ 0,3
Перец желтый 0,5
Перец красный 0,5
Помидор соленый красный 1в
Свекла 3
Укроп⁕ 0,3
Яблоко Фуджи 10

За наличку 
Базилик зеленый⁕ 0,2


авокадо 3шт
апельсин
банан
батон нарезной 5шт
белозерка
кабачки 4шт
капуста 3шт сред
капуста мол 5шт
киви
Кинза⁕ 3п
клубника
Лук зеленый⁕ 3п
морковча
Мята⁕ 2п
огурец
огурец сол 1в
Петрушка⁕ 3п
помидор роз
Редис пучки⁕ 3п
слива
Укроп⁕ 3п
ялта



апельсин
Базилик красный⁕ 3п
баклажан
банан бэби
белозерка
брокколи
брэбург
брюс капуста
гольден
грибы
кандиль
капуста фиол
картофель бел 2м и фасовка
киви
компот Риоба клубничный
Латук⁕ 20п
лук
Лук зеленый⁕ 20п
мандарин муркат
мандарин нова
морковь
огурец крым
пакеты клубничка
пакеты-майка
Петрушка⁕ 15п
помидор
помидор ветка
помидор чер
Редис пучки⁕ 20п
Руккола⁕ 5п
рэд
свити
Укроп⁕ 20п
фуджи
цв капуста
черри
черри коктейль
Шпинат⁕ 5п